Address	Label	Mnemonic	Operand	Object Code
1000	SREGA	START	1000	
1000		LDA	VALUE	0011A8
1003		STA	TEMP	0C1177
1006		LDA	TEMP	001177
1009		DIV	C2	2411A2
100C		AND	THIRD	401181
100F		DIV	C3	24119F
1012		STA	NUM1	0C1165
1015		LDA	TEMP	001177
1018		DIV	C1	2411A5
101B		AND	THIRD	401181
101E		DIV	C3	24119F
1021		STA	NUM2	0C1168
1024		LDA	TEMP	001177
1027		AND	THIRD	401181
102A		DIV	C3	24119F
102D		STA	NUM3	0C116B
1030		LDA	TEMP	001177
1033		AND	FOURTH	401184
1036		DIV	C2	2411A2
1039		STA	NUM4	0C116E
103C		LDA	TEMP	001177
103F		AND	FIFTH	401187
1042		DIV	C1	2411A5
1045		STA	NUM5	0C1171
1048		LDA	TEMP	001177
104B		AND	SIXTH	40118A
104E		STA	NUM6	0C1174
1051		J	OUTER	3C1099
1054	OLP	TD	DEV05	E01180
1057		JEQ	OLP	301054
105A		LDA	FINAL	00117A
105D		DIV	C2	2411A2
1060		AND	OUT2	401199
1063		DIV	C2	2411A2
1066		STA	ANS1	0C115C
1069		WD	DEV05	DC1180
106C	OLP1	TD	DEV05	E01180
106F		JEQ	OLP1	30106C
1072		LDA	FINAL	00117A
1075		AND	OUT2	401199
1078		DIV	C2	2411A2
107B		STA	ANS2	0C115F
107E		WD	DEV05	DC1180
1081	OLP2	TD	DEV05	E01180
1084		JEQ	OLP2	301081
1087		LDA	FINAL	00117A
108A		AND	OUT1	401196
108D		STA	ANS3	0C1162
1090		WD	DEV05	DC1180
1093		LDA	FINAL	00117A
1096		RSUB		4C0000
1099	OUTER	LDA	SIX	001190
109C		STA	COUNT	0C117D
109F	BUBBLE	LDA	NUM1	001165
10A2		COMP	NUM2	281168
10A5		JLT	NOSWAP1	3810BA
10A8		LDA	NUM2	001168
10AB		STA	TEMP	0C1177
10AE		LDA	NUM1	001165
10B1		STA	NUM2	0C1168
10B4		LDA	TEMP	001177
10B7		STA	NUM1	0C1165
10BA	NOSWAP1	LDA	NUM2	001168
10BD		COMP	NUM3	28116B
10C0		JLT	NOSWAP2	3810D5
10C3		LDA	NUM3	00116B
10C6		STA	TEMP	0C1177
10C9		LDA	NUM2	001168
10CC		STA	NUM3	0C116B
10CF		LDA	TEMP	001177
10D2		STA	NUM2	0C1168
10D5	NOSWAP2	LDA	NUM3	00116B
10D8		COMP	NUM4	28116E
10DB		JLT	NOSWAP3	3810F0
10DE		LDA	NUM4	00116E
10E1		STA	TEMP	0C1177
10E4		LDA	NUM3	00116B
10E7		STA	NUM4	0C116E
10EA		LDA	TEMP	001177
10ED		STA	NUM3	0C116B
10F0	NOSWAP3	LDA	NUM4	00116E
10F3		COMP	NUM5	281171
10F6		JLT	NOSWAP4	38110B
10F9		LDA	NUM5	001171
10FC		STA	TEMP	0C1177
10FF		LDA	NUM4	00116E
1102		STA	NUM5	0C1171
1105		LDA	TEMP	001177
1108		STA	NUM4	0C116E
110B	NOSWAP4	LDA	NUM5	001171
110E		COMP	NUM6	281174
1111		JLT	DONE	381126
1114		LDA	NUM6	001174
1117		STA	TEMP	0C1177
111A		LDA	NUM5	001171
111D		STA	NUM6	0C1174
1120		LDA	TEMP	001177
1123		STA	NUM5	0C1171
1126	DONE	LDA	COUNT	00117D
1129		SUB	ONE	1C1193
112C		STA	COUNT	0C117D
112F		COMP	ZERO	28119C
1132		JGT	BUBBLE	34109F
1135	FINISH	LDA	NUM1	001165
1138		MUL	SIXTEEN	20118D
113B		ADD	NUM2	181168
113E		MUL	SIXTEEN	20118D
1141		ADD	NUM3	18116B
1144		MUL	SIXTEEN	20118D
1147		ADD	NUM4	18116E
114A		MUL	SIXTEEN	20118D
114D		ADD	NUM5	181171
1150		MUL	SIXTEEN	20118D
1153		ADD	NUM6	181174
1156		STA	FINAL	0C117A
1159		J	OLP	3C1054
115C	ANS1	RESW	1	
115F	ANS2	RESW	1	
1162	ANS3	RESW	1	
1165	NUM1	RESW	1	
1168	NUM2	RESW	1	
116B	NUM3	RESW	1	
116E	NUM4	RESW	1	
1171	NUM5	RESW	1	
1174	NUM6	RESW	1	
1177	TEMP	RESW	1	
117A	FINAL	RESW	1	
117D	COUNT	RESW	1	
1180	DEV05	BYTE	X'05	05
1181	THIRD	WORD	61440	00F000
1184	FOURTH	WORD	3840	000F00
1187	FIFTH	WORD	240	0000F0
118A	SIXTH	WORD	15	00000F
118D	SIXTEEN	WORD	16	000010
1190	SIX	WORD	6	000006
1193	ONE	WORD	1	000001
1196	OUT1	WORD	255	0000FF
1199	OUT2	WORD	65280	00FF00
119C	ZERO	WORD	0	000000
119F	C3	WORD	4096	001000
11A2	C2	WORD	256	000100
11A5	C1	WORD	16	000010
11A8	VALUE	WORD	-7982	FFFFE0D2
11AB		END	SREGA	
