Address	Label	Mnemonic	Operand	Object Code
1000	COPY	START	1000	
1000	FIRST	STL	RETADR	146033
1003	CLOOP	JSUB	RDREC	486039
1006		LDA	LENGTH	006036
1009		COMP	ZERO	286030
100C		JEQ	ENDFIL	306015
100F		JSUB	WRREC	486061
1012		J	CLOOP	3C6003
1015	ENDFIL	LDA	EOF	00602A
1018		STA	BUFFER	0C6039
101B		LDA	THREE	00602D
101E		STA	LENGTH	0C6036
1021		JSUB	WRREC	486061
1024		LDL	RETADR	086033
1027		RSUB		4C0000
102A	EOF	BYTE	C'EOF'	
102D	THREE	WORD	3	
1030	ZERO	WORD	0	
1033	RETADR	RESW	1	
1036	LENGTH	RESW	1	
1039	BUFFER	RESB	4096	
2039	RDREC	LDX	ZERO	046030
203C		LDA	ZERO	006030
203F	RLOOP	TD	INPUT	E0605D
2042		JEQ	RLOOP	30603F
2045		RD	INPUT	D8605D
2048		COMP	ZERO	286030
204B		JEQ	EXIT	306057
204E		STCH	BUFFER,X	547039
2051		TIX	MAXLEN	2C605E
2054		JLT	RLOOP	38603F
2057	EXIT	STX	LENGTH	106036
205A		RSUB		4C0000
205D	INPUT	BYTE	X'F1'	
205E	MAXLEN	WORD	4096	
2061	WRREC	LDX	ZERO	046030
2064	WLOOP	TD	OUTPUT	E06079
2067		JEQ	WLOOP	306064
206A		LDCH	BUFFER,X	507039
206D		WD	OUTPUT	DC6079
2070		TIX	LENGTH	2C6036
2073		JLT	WLOOP	386064
2076		RSUB		4C0000
2079	OUTPUT	BYTE	X'05'	
207A		END	FIRST	
