Address	Label	Mnemonic	Operand	Object Code
1000	SREGA	START	1000	
1000		LDA	VALUE	0061A8
1003		STA	TEMP	0C6177
1006		LDA	TEMP	006177
1009		DIV	C2	2461A2
100C		AND	THIRD	406181
100F		DIV	C3	24619F
1012		STA	NUM1	0C6165
1015		LDA	TEMP	006177
1018		DIV	C1	2461A5
101B		AND	THIRD	406181
101E		DIV	C3	24619F
1021		STA	NUM2	0C6168
1024		LDA	TEMP	006177
1027		AND	THIRD	406181
102A		DIV	C3	24619F
102D		STA	NUM3	0C616B
1030		LDA	TEMP	006177
1033		AND	FOURTH	406184
1036		DIV	C2	2461A2
1039		STA	NUM4	0C616E
103C		LDA	TEMP	006177
103F		AND	FIFTH	406187
1042		DIV	C1	2461A5
1045		STA	NUM5	0C6171
1048		LDA	TEMP	006177
104B		AND	SIXTH	40618A
104E		STA	NUM6	0C6174
1051		J	OUTER	3C6099
1054	OLP	TD	DEV05	E06180
1057		JEQ	OLP	306054
105A		LDA	FINAL	00617A
105D		DIV	C2	2461A2
1060		AND	OUT2	406199
1063		DIV	C2	2461A2
1066		STA	ANS1	0C615C
1069		WD	DEV05	DC6180
106C	OLP1	TD	DEV05	E06180
106F		JEQ	OLP1	30606C
1072		LDA	FINAL	00617A
1075		AND	OUT2	406199
1078		DIV	C2	2461A2
107B		STA	ANS2	0C615F
107E		WD	DEV05	DC6180
1081	OLP2	TD	DEV05	E06180
1084		JEQ	OLP2	306081
1087		LDA	FINAL	00617A
108A		AND	OUT1	406196
108D		STA	ANS3	0C6162
1090		WD	DEV05	DC6180
1093		LDA	FINAL	00617A
1096		RSUB		4C0000
1099	OUTER	LDA	SIX	006190
109C		STA	COUNT	0C617D
109F	BUBBLE	LDA	NUM1	006165
10A2		COMP	NUM2	286168
10A5		JLT	NOSWAP1	3860BA
10A8		LDA	NUM2	006168
10AB		STA	TEMP	0C6177
10AE		LDA	NUM1	006165
10B1		STA	NUM2	0C6168
10B4		LDA	TEMP	006177
10B7		STA	NUM1	0C6165
10BA	NOSWAP1	LDA	NUM2	006168
10BD		COMP	NUM3	28616B
10C0		JLT	NOSWAP2	3860D5
10C3		LDA	NUM3	00616B
10C6		STA	TEMP	0C6177
10C9		LDA	NUM2	006168
10CC		STA	NUM3	0C616B
10CF		LDA	TEMP	006177
10D2		STA	NUM2	0C6168
10D5	NOSWAP2	LDA	NUM3	00616B
10D8		COMP	NUM4	28616E
10DB		JLT	NOSWAP3	3860F0
10DE		LDA	NUM4	00616E
10E1		STA	TEMP	0C6177
10E4		LDA	NUM3	00616B
10E7		STA	NUM4	0C616E
10EA		LDA	TEMP	006177
10ED		STA	NUM3	0C616B
10F0	NOSWAP3	LDA	NUM4	00616E
10F3		COMP	NUM5	286171
10F6		JLT	NOSWAP4	38610B
10F9		LDA	NUM5	006171
10FC		STA	TEMP	0C6177
10FF		LDA	NUM4	00616E
1102		STA	NUM5	0C6171
1105		LDA	TEMP	006177
1108		STA	NUM4	0C616E
110B	NOSWAP4	LDA	NUM5	006171
110E		COMP	NUM6	286174
1111		JLT	DONE	386126
1114		LDA	NUM6	006174
1117		STA	TEMP	0C6177
111A		LDA	NUM5	006171
111D		STA	NUM6	0C6174
1120		LDA	TEMP	006177
1123		STA	NUM5	0C6171
1126	DONE	LDA	COUNT	00617D
1129		SUB	ONE	1C6193
112C		STA	COUNT	0C617D
112F		COMP	ZERO	28619C
1132		JGT	BUBBLE	34609F
1135	FINISH	LDA	NUM1	006165
1138		MUL	SIXTEEN	20618D
113B		ADD	NUM2	186168
113E		MUL	SIXTEEN	20618D
1141		ADD	NUM3	18616B
1144		MUL	SIXTEEN	20618D
1147		ADD	NUM4	18616E
114A		MUL	SIXTEEN	20618D
114D		ADD	NUM5	186171
1150		MUL	SIXTEEN	20618D
1153		ADD	NUM6	186174
1156		STA	FINAL	0C617A
1159		J	OLP	3C6054
115C	ANS1	RESW	1	
115F	ANS2	RESW	1	
1162	ANS3	RESW	1	
1165	NUM1	RESW	1	
1168	NUM2	RESW	1	
116B	NUM3	RESW	1	
116E	NUM4	RESW	1	
1171	NUM5	RESW	1	
1174	NUM6	RESW	1	
1177	TEMP	RESW	1	
117A	FINAL	RESW	1	
117D	COUNT	RESW	1	
1180	DEV05	BYTE	X'05'	
1181	THIRD	WORD	61440	
1184	FOURTH	WORD	3840	
1187	FIFTH	WORD	240	
118A	SIXTH	WORD	15	
118D	SIXTEEN	WORD	16	
1190	SIX	WORD	6	
1193	ONE	WORD	1	
1196	OUT1	WORD	255	
1199	OUT2	WORD	65280	
119C	ZERO	WORD	0	
119F	C3	WORD	4096	
11A2	C2	WORD	256	
11A5	C1	WORD	16	
11A8	VALUE	WORD	-7982	
11AB		END	SREGA	
