Address	Label	Mnemonic	Operand	Object Code
1000	COPY	START	1000	
1000	FIRST	STL	RETADR	144033
1003	CLOOP	JSUB	RDREC	484039
1006		LDA	LENGTH	004036
1009		COMP	ZERO	284030
100C		JEQ	ENDFIL	304015
100F		JSUB	WRREC	484061
1012		J	CLOOP	3C4003
1015	ENDFIL	LDA	EOF	00402A
1018		STA	BUFFER	0C4039
101B		LDA	THREE	00402D
101E		STA	LENGTH	0C4036
1021		JSUB	WRREC	484061
1024		LDL	RETADR	084033
1027		RSUB		4C0000
102A	EOF	BYTE	C'EOF'	454F46
102D	THREE	WORD	3	000003
1030	ZERO	WORD	0	000000
1033	RETADR	RESW	1	
1036	LENGTH	RESW	1	
1039	BUFFER	RESB	4096	
2039	RDREC	LDX	ZERO	044030
203C		LDA	ZERO	004030
203F	RLOOP	TD	INPUT	E0405D
2042		JEQ	RLOOP	30403F
2045		RD	INPUT	D8405D
2048		COMP	ZERO	284030
204B		JEQ	EXIT	304057
204E		STCH	BUFFER,X	545039
2051		TIX	MAXLEN	2C405E
2054		JLT	RLOOP	38403F
2057	EXIT	STX	LENGTH	104036
205A		RSUB		4C0000
205D	INPUT	BYTE	X'F1'	F1
205E	MAXLEN	WORD	4096	001000
2061	WRREC	LDX	ZERO	044030
2064	WLOOP	TD	OUTPUT	E04079
2067		JEQ	WLOOP	304064
206A		LDCH	BUFFER,X	505039
206D		WD	OUTPUT	DC4079
2070		TIX	LENGTH	2C4036
2073		JLT	WLOOP	384064
2076		RSUB		4C0000
2079	OUTPUT	BYTE	X'05'	05
207A		END	FIRST	
